<?xml version="1.0" encoding="UTF-8" standalone="no"?>
<testsuite failures="0" name="cucumber.runtime.formatter.JUnitFormatter" skipped="0" tests="3" time="79.839301">
<testcase classname="Borrowing calculator" name="I want to estimate how much I may be able to borrow based on my current income and existing financial commitments" time="60.262624">
<system-out><![CDATA[Given I am in borrowing calculator page.....................................passed
When I fill my details "Single" "0" "Live"..................................passed
And I fill my earnings details "80000" "10000"..............................passed
And I fill my expenses "500" "0" "100" "0" "10000"..........................passed
And I click on work out borrow button.......................................passed
Then I should get borrowing estimate of "470000"............................passed
]]></system-out>
</testcase>
<testcase classname="Borrowing calculator" name="I want to clear all the entered loan details" time="10.353691">
<system-out><![CDATA[Given I am in borrowing calculator page.....................................passed
When I fill my details "Joint" "2" "Investment".............................passed
And I fill my earnings details "80000" "10000"..............................passed
And I fill my expenses "500" "100" "100" "100" "10000"......................passed
And I click on work out borrow button.......................................passed
And I click on start over button............................................passed
Then All the fields gets cleared............................................passed
]]></system-out>
</testcase>
<testcase classname="Borrowing calculator" name="I want to estimate borrow by filling only living expenses and leaving all other fields as zero" time="9.222986">
<system-out><![CDATA[Given I am in borrowing calculator page.....................................passed
And I fill only living expenses "1".........................................passed
And I click on work out borrow button.......................................passed
Then I should not get estimation and get valid proper error message.........passed
]]></system-out>
</testcase>
</testsuite>
